<?xml version="1.0" encoding="UTF-8"?>
<!-- Generated by org.testng.reporters.JUnitReportReporter -->
<testsuite skipped="0" hostname="LAPTOP-S8SM8EE7" name="com.demo.nopcommerce.BasePageTest" tests="1" failures="0" timestamp="2022-10-18T23:45:35 BST" time="5.009" errors="0">
  <testcase name="openBrowser" time="5.009" classname="com.demo.nopcommerce.BasePageTest"/>
  <system-out/>
</testsuite> <!-- com.demo.nopcommerce.BasePageTest -->
