<?xml version="1.0" encoding="UTF-8"?>
<!-- Generated by org.testng.reporters.JUnitReportReporter -->
<testsuite skipped="0" hostname="LAPTOP-S8SM8EE7" name="com.demo.nopcommerce.RegisterTest" tests="1" failures="0" timestamp="2022-10-18T23:45:35 BST" time="6.444" errors="0">
  <testcase name="registerTest" time="6.444" classname="com.demo.nopcommerce.RegisterTest"/>
  <system-out/>
</testsuite> <!-- com.demo.nopcommerce.RegisterTest -->
